<?xml version="1.0" encoding="UTF-8"?>
<testng-results skipped="0" failed="0" total="1" passed="1">
  <reporter-output>
  </reporter-output>
  <suite name="Suite" duration-ms="26529" started-at="2021-09-07T02:45:15Z" finished-at="2021-09-07T02:45:42Z">
    <groups>
    </groups>
    <test name="Test" duration-ms="26529" started-at="2021-09-07T02:45:15Z" finished-at="2021-09-07T02:45:42Z">
      <class name="com.businessscripts.SampleTest">
        <test-method status="PASS" signature="testOne()[pri:0, instance:com.businessscripts.SampleTest@4af044]" name="testOne" duration-ms="26514" started-at="2021-09-07T08:15:15Z" finished-at="2021-09-07T08:15:42Z">
          <reporter-output>
          </reporter-output>
        </test-method> <!-- testOne -->
      </class> <!-- com.businessscripts.SampleTest -->
    </test> <!-- Test -->
  </suite> <!-- Suite -->
</testng-results>
